190422  9:47:03 [Note] Plugin 'FEDERATED' is disabled.
InnoDB: The first specified data file .\ibdata1 did not exist:
InnoDB: a new database to be created!
190422  9:47:03  InnoDB: Setting file .\ibdata1 size to 10 MB
InnoDB: Database physically writes the file full: wait...
190422  9:47:03  InnoDB: Log file .\ib_logfile0 did not exist: new to be created
InnoDB: Setting log file .\ib_logfile0 size to 5 MB
InnoDB: Database physically writes the file full: wait...
190422  9:47:03  InnoDB: Log file .\ib_logfile1 did not exist: new to be created
InnoDB: Setting log file .\ib_logfile1 size to 5 MB
InnoDB: Database physically writes the file full: wait...
InnoDB: Doublewrite buffer not found: creating new
InnoDB: Doublewrite buffer created
InnoDB: Creating foreign key constraint system tables
InnoDB: Foreign key constraint system tables created
190422  9:47:03  InnoDB: Started; log sequence number 0 0
190422  9:47:03 [Note] Event Scheduler: Loaded 0 events
190422  9:47:03 [Note] APM_MYSQL5: ready for connections.
Version: '5.1.41-community'  socket: ''  port: 3306  MySQL Community Server (GPL)
190422  9:51:36 [Note] APM_MYSQL5: Normal shutdown

190422  9:51:36 [Note] Event Scheduler: Purging the queue. 0 events
190422  9:51:36  InnoDB: Starting shutdown...
190422  9:51:36  InnoDB: Shutdown completed; log sequence number 0 44233
190422  9:51:36 [Note] APM_MYSQL5: Shutdown complete

190422  9:51:50 [Note] Plugin 'FEDERATED' is disabled.
190422  9:51:50  InnoDB: Started; log sequence number 0 44233
190422  9:51:50 [Note] Event Scheduler: Loaded 0 events
190422  9:51:50 [Note] APM_MYSQL5: ready for connections.
Version: '5.1.41-community'  socket: ''  port: 3306  MySQL Community Server (GPL)
190422 17:57:35 [Note] APM_MYSQL5: Normal shutdown

190422 17:57:35 [Note] Event Scheduler: Purging the queue. 0 events
190422 17:57:35  InnoDB: Starting shutdown...
190422 17:57:36  InnoDB: Shutdown completed; log sequence number 0 44233
190422 17:57:36 [Note] APM_MYSQL5: Shutdown complete

190423  8:39:40 [Note] Plugin 'FEDERATED' is disabled.
190423  8:39:40  InnoDB: Started; log sequence number 0 44233
190423  8:39:40 [Note] Event Scheduler: Loaded 0 events
190423  8:39:40 [Note] APM_MYSQL5: ready for connections.
Version: '5.1.41-community'  socket: ''  port: 3306  MySQL Community Server (GPL)
190423 17:50:25 [Note] APM_MYSQL5: Normal shutdown

190423 17:50:25 [Note] Event Scheduler: Purging the queue. 0 events
190423 17:50:25  InnoDB: Starting shutdown...
190423 17:50:25  InnoDB: Shutdown completed; log sequence number 0 44233
190423 17:50:25 [Note] APM_MYSQL5: Shutdown complete

190424  8:45:37 [Note] Plugin 'FEDERATED' is disabled.
190424  8:45:37  InnoDB: Started; log sequence number 0 44233
190424  8:45:37 [Note] Event Scheduler: Loaded 0 events
190424  8:45:37 [Note] APM_MYSQL5: ready for connections.
Version: '5.1.41-community'  socket: ''  port: 3306  MySQL Community Server (GPL)
190424 17:46:51 [Note] APM_MYSQL5: Normal shutdown

190424 17:46:51 [Note] Event Scheduler: Purging the queue. 0 events
190424 17:46:51  InnoDB: Starting shutdown...
190424 17:46:52  InnoDB: Shutdown completed; log sequence number 0 44233
190424 17:46:52 [Note] APM_MYSQL5: Shutdown complete

190425  8:52:41 [Note] Plugin 'FEDERATED' is disabled.
190425  8:52:41  InnoDB: Started; log sequence number 0 44233
190425  8:52:41 [Note] Event Scheduler: Loaded 0 events
190425  8:52:41 [Note] APM_MYSQL5: ready for connections.
Version: '5.1.41-community'  socket: ''  port: 3306  MySQL Community Server (GPL)
190425 16:25:50 [Note] APM_MYSQL5: Normal shutdown

190425 16:25:50 [Note] Event Scheduler: Purging the queue. 0 events
190425 16:25:50  InnoDB: Starting shutdown...
190425 16:25:51  InnoDB: Shutdown completed; log sequence number 0 44233
190425 16:25:51 [Note] APM_MYSQL5: Shutdown complete

190425 16:26:12 [Note] Plugin 'FEDERATED' is disabled.
190425 16:26:12  InnoDB: Started; log sequence number 0 44233
190425 16:26:12 [Note] Event Scheduler: Loaded 0 events
190425 16:26:12 [Note] APM_MYSQL5: ready for connections.
Version: '5.1.41-community'  socket: ''  port: 3306  MySQL Community Server (GPL)
190425 17:51:58 [Note] APM_MYSQL5: Normal shutdown

190425 17:51:58 [Note] Event Scheduler: Purging the queue. 0 events
190425 17:51:58  InnoDB: Starting shutdown...
190425 17:51:58  InnoDB: Shutdown completed; log sequence number 0 44233
190425 17:51:58 [Note] APM_MYSQL5: Shutdown complete

190426  8:36:44 [Note] Plugin 'FEDERATED' is disabled.
190426  8:36:44  InnoDB: Started; log sequence number 0 44233
190426  8:36:44 [Note] Event Scheduler: Loaded 0 events
190426  8:36:44 [Note] APM_MYSQL5: ready for connections.
Version: '5.1.41-community'  socket: ''  port: 3306  MySQL Community Server (GPL)
190426 17:51:32 [Note] APM_MYSQL5: Normal shutdown

190426 17:51:32 [Note] Event Scheduler: Purging the queue. 0 events
190426 17:51:32  InnoDB: Starting shutdown...
190426 17:51:33  InnoDB: Shutdown completed; log sequence number 0 44233
190426 17:51:33 [Note] APM_MYSQL5: Shutdown complete

190429  8:43:24 [Note] Plugin 'FEDERATED' is disabled.
190429  8:43:24  InnoDB: Started; log sequence number 0 44233
190429  8:43:24 [Note] Event Scheduler: Loaded 0 events
190429  8:43:24 [Note] APM_MYSQL5: ready for connections.
Version: '5.1.41-community'  socket: ''  port: 3306  MySQL Community Server (GPL)
190429 17:50:16 [Note] APM_MYSQL5: Normal shutdown

190429 17:50:16 [Note] Event Scheduler: Purging the queue. 0 events
190429 17:50:16  InnoDB: Starting shutdown...
190429 17:50:18  InnoDB: Shutdown completed; log sequence number 0 44233
190429 17:50:18 [Note] APM_MYSQL5: Shutdown complete

190430  8:56:13 [Note] Plugin 'FEDERATED' is disabled.
190430  8:56:13  InnoDB: Started; log sequence number 0 44233
190430  8:56:13 [Note] Event Scheduler: Loaded 0 events
190430  8:56:13 [Note] APM_MYSQL5: ready for connections.
Version: '5.1.41-community'  socket: ''  port: 3306  MySQL Community Server (GPL)
190430 17:49:05 [Note] APM_MYSQL5: Normal shutdown

190430 17:49:05 [Note] Event Scheduler: Purging the queue. 0 events
190430 17:49:05  InnoDB: Starting shutdown...
190430 17:49:06  InnoDB: Shutdown completed; log sequence number 0 44243
190430 17:49:06 [Note] APM_MYSQL5: Shutdown complete

190501  8:49:37 [Note] Plugin 'FEDERATED' is disabled.
190501  8:49:37  InnoDB: Started; log sequence number 0 44243
190501  8:49:37 [Note] Event Scheduler: Loaded 0 events
190501  8:49:37 [Note] APM_MYSQL5: ready for connections.
Version: '5.1.41-community'  socket: ''  port: 3306  MySQL Community Server (GPL)
190501 17:49:11 [Note] APM_MYSQL5: Normal shutdown

190501 17:49:11 [Note] Event Scheduler: Purging the queue. 0 events
190501 17:49:11  InnoDB: Starting shutdown...
190501 17:49:11  InnoDB: Shutdown completed; log sequence number 0 44243
190501 17:49:11 [Note] APM_MYSQL5: Shutdown complete

190502  8:45:29 [Note] Plugin 'FEDERATED' is disabled.
190502  8:45:29  InnoDB: Started; log sequence number 0 44243
190502  8:45:29 [Note] Event Scheduler: Loaded 0 events
190502  8:45:29 [Note] APM_MYSQL5: ready for connections.
Version: '5.1.41-community'  socket: ''  port: 3306  MySQL Community Server (GPL)
190502 17:47:56 [Note] APM_MYSQL5: Normal shutdown

190502 17:47:56 [Note] Event Scheduler: Purging the queue. 0 events
190502 17:47:56  InnoDB: Starting shutdown...
190502 17:47:57  InnoDB: Shutdown completed; log sequence number 0 44243
190502 17:47:57 [Note] APM_MYSQL5: Shutdown complete

190503  8:35:34 [Note] Plugin 'FEDERATED' is disabled.
190503  8:35:34  InnoDB: Started; log sequence number 0 44243
190503  8:35:34 [Note] Event Scheduler: Loaded 0 events
190503  8:35:34 [Note] APM_MYSQL5: ready for connections.
Version: '5.1.41-community'  socket: ''  port: 3306  MySQL Community Server (GPL)
190503 17:49:53 [Note] APM_MYSQL5: Normal shutdown

190503 17:49:53 [Note] Event Scheduler: Purging the queue. 0 events
190503 17:49:53  InnoDB: Starting shutdown...
190503 17:49:53  InnoDB: Shutdown completed; log sequence number 0 44243
190503 17:49:53 [Note] APM_MYSQL5: Shutdown complete

190503 17:53:51 [Note] Plugin 'FEDERATED' is disabled.
190503 17:53:51  InnoDB: Started; log sequence number 0 44243
190503 17:53:51 [Note] Event Scheduler: Loaded 0 events
190503 17:53:51 [Note] APM_MYSQL5: ready for connections.
Version: '5.1.41-community'  socket: ''  port: 3306  MySQL Community Server (GPL)
190503 17:55:32 [Note] APM_MYSQL5: Normal shutdown

190503 17:55:32 [Note] Event Scheduler: Purging the queue. 0 events
190503 17:55:32  InnoDB: Starting shutdown...
190503 17:55:34  InnoDB: Shutdown completed; log sequence number 0 44243
190503 17:55:34 [Note] APM_MYSQL5: Shutdown complete

190507  8:48:31 [Note] Plugin 'FEDERATED' is disabled.
190507  8:48:31  InnoDB: Started; log sequence number 0 44243
190507  8:48:31 [Note] Event Scheduler: Loaded 0 events
190507  8:48:31 [Note] APM_MYSQL5: ready for connections.
Version: '5.1.41-community'  socket: ''  port: 3306  MySQL Community Server (GPL)
190507 17:47:48 [Note] APM_MYSQL5: Normal shutdown

190507 17:47:48 [Note] Event Scheduler: Purging the queue. 0 events
190507 17:47:48  InnoDB: Starting shutdown...
190507 17:47:48  InnoDB: Shutdown completed; log sequence number 0 44243
190507 17:47:48 [Note] APM_MYSQL5: Shutdown complete

190508  8:45:11 [Note] Plugin 'FEDERATED' is disabled.
190508  8:45:11  InnoDB: Started; log sequence number 0 44243
190508  8:45:11 [Note] Event Scheduler: Loaded 0 events
190508  8:45:11 [Note] APM_MYSQL5: ready for connections.
Version: '5.1.41-community'  socket: ''  port: 3306  MySQL Community Server (GPL)
190508 11:12:16 [Note] APM_MYSQL5: Normal shutdown

190508 11:12:16 [Note] Event Scheduler: Purging the queue. 0 events
190508 11:12:16  InnoDB: Starting shutdown...
190508 11:12:17  InnoDB: Shutdown completed; log sequence number 0 44243
190508 11:12:17 [Note] APM_MYSQL5: Shutdown complete

190508 11:12:42 [Note] Plugin 'FEDERATED' is disabled.
190508 11:12:42  InnoDB: Started; log sequence number 0 44243
190508 11:12:42 [Note] Event Scheduler: Loaded 0 events
190508 11:12:42 [Note] APM_MYSQL5: ready for connections.
Version: '5.1.41-community'  socket: ''  port: 3306  MySQL Community Server (GPL)
190508 17:47:22 [Note] APM_MYSQL5: Normal shutdown

190508 17:47:22 [Note] Event Scheduler: Purging the queue. 0 events
190508 17:47:22  InnoDB: Starting shutdown...
190508 17:47:23  InnoDB: Shutdown completed; log sequence number 0 44243
190508 17:47:23 [Note] APM_MYSQL5: Shutdown complete

190509  8:51:26 [Note] Plugin 'FEDERATED' is disabled.
190509  8:51:26  InnoDB: Started; log sequence number 0 44243
190509  8:51:26 [Note] Event Scheduler: Loaded 0 events
190509  8:51:26 [Note] APM_MYSQL5: ready for connections.
Version: '5.1.41-community'  socket: ''  port: 3306  MySQL Community Server (GPL)
190509 17:47:17 [Note] APM_MYSQL5: Normal shutdown

190509 17:47:17 [Note] Event Scheduler: Purging the queue. 0 events
190509 17:47:17  InnoDB: Starting shutdown...
190509 17:47:17  InnoDB: Shutdown completed; log sequence number 0 44243
190509 17:47:17 [Note] APM_MYSQL5: Shutdown complete

190510  8:51:10 [Note] Plugin 'FEDERATED' is disabled.
190510  8:51:10  InnoDB: Started; log sequence number 0 44243
190510  8:51:10 [Note] Event Scheduler: Loaded 0 events
190510  8:51:10 [Note] APM_MYSQL5: ready for connections.
Version: '5.1.41-community'  socket: ''  port: 3306  MySQL Community Server (GPL)
190510 17:50:11 [Note] APM_MYSQL5: Normal shutdown

190510 17:50:11 [Note] Event Scheduler: Purging the queue. 0 events
190510 17:50:11  InnoDB: Starting shutdown...
190510 17:50:11  InnoDB: Shutdown completed; log sequence number 0 44243
190510 17:50:11 [Note] APM_MYSQL5: Shutdown complete

190513  8:41:49 [Note] Plugin 'FEDERATED' is disabled.
190513  8:41:49  InnoDB: Started; log sequence number 0 44243
190513  8:41:49 [Note] Event Scheduler: Loaded 0 events
190513  8:41:49 [Note] APM_MYSQL5: ready for connections.
Version: '5.1.41-community'  socket: ''  port: 3306  MySQL Community Server (GPL)
190513 17:45:56 [Note] APM_MYSQL5: Normal shutdown

190513 17:45:56 [Note] Event Scheduler: Purging the queue. 0 events
190513 17:45:56  InnoDB: Starting shutdown...
190513 17:45:57  InnoDB: Shutdown completed; log sequence number 0 44243
190513 17:45:57 [Note] APM_MYSQL5: Shutdown complete

190514  8:46:14 [Note] Plugin 'FEDERATED' is disabled.
190514  8:46:14  InnoDB: Started; log sequence number 0 44243
190514  8:46:14 [Note] Event Scheduler: Loaded 0 events
190514  8:46:14 [Note] APM_MYSQL5: ready for connections.
Version: '5.1.41-community'  socket: ''  port: 3306  MySQL Community Server (GPL)
190514 17:49:18 [Note] APM_MYSQL5: Normal shutdown

190514 17:49:18 [Note] Event Scheduler: Purging the queue. 0 events
190514 17:49:18  InnoDB: Starting shutdown...
190514 17:49:19  InnoDB: Shutdown completed; log sequence number 0 44243
190514 17:49:19 [Note] APM_MYSQL5: Shutdown complete

190515  8:41:26 [Note] Plugin 'FEDERATED' is disabled.
190515  8:41:26  InnoDB: Started; log sequence number 0 44243
190515  8:41:26 [Note] Event Scheduler: Loaded 0 events
190515  8:41:26 [Note] APM_MYSQL5: ready for connections.
Version: '5.1.41-community'  socket: ''  port: 3306  MySQL Community Server (GPL)
190515 17:54:11 [Note] APM_MYSQL5: Normal shutdown

190515 17:54:11 [Note] Event Scheduler: Purging the queue. 0 events
190515 17:54:11  InnoDB: Starting shutdown...
190515 17:54:12  InnoDB: Shutdown completed; log sequence number 0 44243
190515 17:54:12 [Note] APM_MYSQL5: Shutdown complete

190516  8:50:45 [Note] Plugin 'FEDERATED' is disabled.
190516  8:50:45  InnoDB: Started; log sequence number 0 44243
190516  8:50:45 [Note] Event Scheduler: Loaded 0 events
190516  8:50:45 [Note] APM_MYSQL5: ready for connections.
Version: '5.1.41-community'  socket: ''  port: 3306  MySQL Community Server (GPL)
190516  8:51:08 [Note] APM_MYSQL5: Normal shutdown

190516  8:51:08 [Note] Event Scheduler: Purging the queue. 0 events
190516  8:51:08  InnoDB: Starting shutdown...
190516  8:51:09  InnoDB: Shutdown completed; log sequence number 0 44243
190516  8:51:09 [Note] APM_MYSQL5: Shutdown complete

190516  8:51:28 [Note] Plugin 'FEDERATED' is disabled.
190516  8:51:28  InnoDB: Started; log sequence number 0 44243
190516  8:51:28 [Note] Event Scheduler: Loaded 0 events
190516  8:51:28 [Note] APM_MYSQL5: ready for connections.
Version: '5.1.41-community'  socket: ''  port: 3306  MySQL Community Server (GPL)
190516 17:50:26 [Note] APM_MYSQL5: Normal shutdown

190516 17:50:26 [Note] Event Scheduler: Purging the queue. 0 events
190516 17:50:26  InnoDB: Starting shutdown...
190516 17:50:27  InnoDB: Shutdown completed; log sequence number 0 44243
190516 17:50:27 [Note] APM_MYSQL5: Shutdown complete

190517  8:44:52 [Note] Plugin 'FEDERATED' is disabled.
190517  8:44:52  InnoDB: Started; log sequence number 0 44243
190517  8:44:52 [Note] Event Scheduler: Loaded 0 events
190517  8:44:52 [Note] APM_MYSQL5: ready for connections.
Version: '5.1.41-community'  socket: ''  port: 3306  MySQL Community Server (GPL)
190517 17:47:39 [Note] APM_MYSQL5: Normal shutdown

190517 17:47:39 [Note] Event Scheduler: Purging the queue. 0 events
190517 17:47:39  InnoDB: Starting shutdown...
190517 17:47:40  InnoDB: Shutdown completed; log sequence number 0 44243
190517 17:47:40 [Note] APM_MYSQL5: Shutdown complete

190520  8:47:04 [Note] Plugin 'FEDERATED' is disabled.
190520  8:47:04  InnoDB: Started; log sequence number 0 44243
190520  8:47:04 [Note] Event Scheduler: Loaded 0 events
190520  8:47:04 [Note] APM_MYSQL5: ready for connections.
Version: '5.1.41-community'  socket: ''  port: 3306  MySQL Community Server (GPL)
190520 17:50:13 [Note] APM_MYSQL5: Normal shutdown

190520 17:50:13 [Note] Event Scheduler: Purging the queue. 0 events
190520 17:50:13  InnoDB: Starting shutdown...
190520 17:50:14  InnoDB: Shutdown completed; log sequence number 0 44243
190520 17:50:14 [Note] APM_MYSQL5: Shutdown complete

190521  8:58:18 [Note] Plugin 'FEDERATED' is disabled.
190521  8:58:18  InnoDB: Started; log sequence number 0 44243
190521  8:58:18 [Note] Event Scheduler: Loaded 0 events
190521  8:58:18 [Note] APM_MYSQL5: ready for connections.
Version: '5.1.41-community'  socket: ''  port: 3306  MySQL Community Server (GPL)
190521 17:49:44 [Note] APM_MYSQL5: Normal shutdown

190521 17:49:44 [Note] Event Scheduler: Purging the queue. 0 events
190521 17:49:44  InnoDB: Starting shutdown...
190521 17:49:45  InnoDB: Shutdown completed; log sequence number 0 44243
190521 17:49:45 [Note] APM_MYSQL5: Shutdown complete

190522  8:48:57 [Note] Plugin 'FEDERATED' is disabled.
190522  8:48:57  InnoDB: Started; log sequence number 0 44243
190522  8:48:57 [Note] Event Scheduler: Loaded 0 events
190522  8:48:57 [Note] APM_MYSQL5: ready for connections.
Version: '5.1.41-community'  socket: ''  port: 3306  MySQL Community Server (GPL)
190522 17:50:21 [Note] APM_MYSQL5: Normal shutdown

190522 17:50:21 [Note] Event Scheduler: Purging the queue. 0 events
190522 17:50:21  InnoDB: Starting shutdown...
190522 17:50:22  InnoDB: Shutdown completed; log sequence number 0 44243
190522 17:50:22 [Note] APM_MYSQL5: Shutdown complete

190523  8:45:15 [Note] Plugin 'FEDERATED' is disabled.
190523  8:45:15  InnoDB: Started; log sequence number 0 44243
190523  8:45:15 [Note] Event Scheduler: Loaded 0 events
190523  8:45:15 [Note] APM_MYSQL5: ready for connections.
Version: '5.1.41-community'  socket: ''  port: 3306  MySQL Community Server (GPL)
190523 17:48:31 [Note] APM_MYSQL5: Normal shutdown

190523 17:48:31 [Note] Event Scheduler: Purging the queue. 0 events
190523 17:48:31  InnoDB: Starting shutdown...
190523 17:48:32  InnoDB: Shutdown completed; log sequence number 0 44243
190523 17:48:32 [Note] APM_MYSQL5: Shutdown complete

190524  8:47:25 [Note] Plugin 'FEDERATED' is disabled.
190524  8:47:25  InnoDB: Started; log sequence number 0 44243
190524  8:47:25 [Note] Event Scheduler: Loaded 0 events
190524  8:47:25 [Note] APM_MYSQL5: ready for connections.
Version: '5.1.41-community'  socket: ''  port: 3306  MySQL Community Server (GPL)
190524 17:50:59 [Note] APM_MYSQL5: Normal shutdown

190524 17:50:59 [Note] Event Scheduler: Purging the queue. 0 events
190524 17:50:59  InnoDB: Starting shutdown...
190524 17:51:00  InnoDB: Shutdown completed; log sequence number 0 44243
190524 17:51:00 [Note] APM_MYSQL5: Shutdown complete

190527  8:43:20 [Note] Plugin 'FEDERATED' is disabled.
190527  8:43:20  InnoDB: Started; log sequence number 0 44243
190527  8:43:20 [Note] Event Scheduler: Loaded 0 events
190527  8:43:20 [Note] APM_MYSQL5: ready for connections.
Version: '5.1.41-community'  socket: ''  port: 3306  MySQL Community Server (GPL)
190527 17:50:34 [Note] APM_MYSQL5: Normal shutdown

190527 17:50:34 [Note] Event Scheduler: Purging the queue. 0 events
190527 17:50:34  InnoDB: Starting shutdown...
190527 17:50:35  InnoDB: Shutdown completed; log sequence number 0 44243
190527 17:50:35 [Note] APM_MYSQL5: Shutdown complete

190528  8:53:47 [Note] Plugin 'FEDERATED' is disabled.
190528  8:53:47  InnoDB: Started; log sequence number 0 44243
190528  8:53:47 [Note] Event Scheduler: Loaded 0 events
190528  8:53:47 [Note] APM_MYSQL5: ready for connections.
Version: '5.1.41-community'  socket: ''  port: 3306  MySQL Community Server (GPL)
190528 17:51:44 [Note] APM_MYSQL5: Normal shutdown

190528 17:51:44 [Note] Event Scheduler: Purging the queue. 0 events
190528 17:51:44  InnoDB: Starting shutdown...
190528 17:51:45  InnoDB: Shutdown completed; log sequence number 0 44243
190528 17:51:45 [Note] APM_MYSQL5: Shutdown complete

190529  8:47:38 [Note] Plugin 'FEDERATED' is disabled.
190529  8:47:38  InnoDB: Started; log sequence number 0 44243
190529  8:47:38 [Note] Event Scheduler: Loaded 0 events
190529  8:47:38 [Note] APM_MYSQL5: ready for connections.
Version: '5.1.41-community'  socket: ''  port: 3306  MySQL Community Server (GPL)
190529 17:49:59 [Note] APM_MYSQL5: Normal shutdown

190529 17:49:59 [Note] Event Scheduler: Purging the queue. 0 events
190529 17:49:59  InnoDB: Starting shutdown...
190529 17:49:59  InnoDB: Shutdown completed; log sequence number 0 44243
190529 17:49:59 [Note] APM_MYSQL5: Shutdown complete

190530  8:51:20 [Note] Plugin 'FEDERATED' is disabled.
190530  8:51:20  InnoDB: Started; log sequence number 0 44243
190530  8:51:20 [Note] Event Scheduler: Loaded 0 events
190530  8:51:20 [Note] APM_MYSQL5: ready for connections.
Version: '5.1.41-community'  socket: ''  port: 3306  MySQL Community Server (GPL)
190530 17:52:09 [Note] APM_MYSQL5: Normal shutdown

190530 17:52:09 [Note] Event Scheduler: Purging the queue. 0 events
190530 17:52:09  InnoDB: Starting shutdown...
190530 17:52:09  InnoDB: Shutdown completed; log sequence number 0 44253
190530 17:52:09 [Note] APM_MYSQL5: Shutdown complete

190531  8:51:28 [Note] Plugin 'FEDERATED' is disabled.
190531  8:51:28  InnoDB: Started; log sequence number 0 44253
190531  8:51:28 [Note] Event Scheduler: Loaded 0 events
190531  8:51:28 [Note] APM_MYSQL5: ready for connections.
Version: '5.1.41-community'  socket: ''  port: 3306  MySQL Community Server (GPL)
190531 17:49:23 [Note] APM_MYSQL5: Normal shutdown

190531 17:49:23 [Note] Event Scheduler: Purging the queue. 0 events
190531 17:49:23  InnoDB: Starting shutdown...
190531 17:49:24  InnoDB: Shutdown completed; log sequence number 0 44253
190531 17:49:24 [Note] APM_MYSQL5: Shutdown complete

190603  8:40:24 [Note] Plugin 'FEDERATED' is disabled.
190603  8:40:24  InnoDB: Started; log sequence number 0 44253
190603  8:40:24 [Note] Event Scheduler: Loaded 0 events
190603  8:40:24 [Note] APM_MYSQL5: ready for connections.
Version: '5.1.41-community'  socket: ''  port: 3306  MySQL Community Server (GPL)
190603 17:48:00 [Note] APM_MYSQL5: Normal shutdown

190603 17:48:00 [Note] Event Scheduler: Purging the queue. 0 events
190603 17:48:00  InnoDB: Starting shutdown...
190603 17:48:00  InnoDB: Shutdown completed; log sequence number 0 44253
190603 17:48:00 [Note] APM_MYSQL5: Shutdown complete

190604  8:53:09 [Note] Plugin 'FEDERATED' is disabled.
190604  8:53:09  InnoDB: Started; log sequence number 0 44253
190604  8:53:09 [Note] Event Scheduler: Loaded 0 events
190604  8:53:09 [Note] APM_MYSQL5: ready for connections.
Version: '5.1.41-community'  socket: ''  port: 3306  MySQL Community Server (GPL)
190604 17:47:16 [Note] APM_MYSQL5: Normal shutdown

190604 17:47:16 [Note] Event Scheduler: Purging the queue. 0 events
190604 17:47:16  InnoDB: Starting shutdown...
190604 17:47:17  InnoDB: Shutdown completed; log sequence number 0 44253
190604 17:47:17 [Note] APM_MYSQL5: Shutdown complete

190605  9:00:53 [Note] Plugin 'FEDERATED' is disabled.
190605  9:00:53  InnoDB: Started; log sequence number 0 44253
190605  9:00:53 [Note] Event Scheduler: Loaded 0 events
190605  9:00:53 [Note] APM_MYSQL5: ready for connections.
Version: '5.1.41-community'  socket: ''  port: 3306  MySQL Community Server (GPL)
190605 17:49:05 [Note] APM_MYSQL5: Normal shutdown

190605 17:49:05 [Note] Event Scheduler: Purging the queue. 0 events
190605 17:49:05  InnoDB: Starting shutdown...
190605 17:49:06  InnoDB: Shutdown completed; log sequence number 0 44253
190605 17:49:06 [Note] APM_MYSQL5: Shutdown complete

190610  8:30:11 [Note] Plugin 'FEDERATED' is disabled.
190610  8:30:11  InnoDB: Started; log sequence number 0 44253
190610  8:30:11 [Note] Event Scheduler: Loaded 0 events
190610  8:30:11 [Note] APM_MYSQL5: ready for connections.
Version: '5.1.41-community'  socket: ''  port: 3306  MySQL Community Server (GPL)
190610 14:16:54 [Note] APM_MYSQL5: Normal shutdown

190610 14:16:54 [Note] Event Scheduler: Purging the queue. 0 events
190610 14:16:54  InnoDB: Starting shutdown...
190610 14:16:55  InnoDB: Shutdown completed; log sequence number 0 44253
190610 14:16:55 [Note] APM_MYSQL5: Shutdown complete

190610 14:17:16 [Note] Plugin 'FEDERATED' is disabled.
190610 14:17:16  InnoDB: Started; log sequence number 0 44253
190610 14:17:16 [Note] Event Scheduler: Loaded 0 events
190610 14:17:16 [Note] APM_MYSQL5: ready for connections.
Version: '5.1.41-community'  socket: ''  port: 3306  MySQL Community Server (GPL)
190610 17:50:00 [Note] APM_MYSQL5: Normal shutdown

190610 17:50:00 [Note] Event Scheduler: Purging the queue. 0 events
190610 17:50:00  InnoDB: Starting shutdown...
190610 17:50:01  InnoDB: Shutdown completed; log sequence number 0 44253
190610 17:50:01 [Note] APM_MYSQL5: Shutdown complete

190611  8:37:10 [Note] Plugin 'FEDERATED' is disabled.
190611  8:37:10  InnoDB: Started; log sequence number 0 44253
190611  8:37:10 [Note] Event Scheduler: Loaded 0 events
190611  8:37:10 [Note] APM_MYSQL5: ready for connections.
Version: '5.1.41-community'  socket: ''  port: 3306  MySQL Community Server (GPL)
190611 17:50:49 [Note] APM_MYSQL5: Normal shutdown

190611 17:50:49 [Note] Event Scheduler: Purging the queue. 0 events
190611 17:50:49  InnoDB: Starting shutdown...
190611 17:50:49  InnoDB: Shutdown completed; log sequence number 0 44253
190611 17:50:49 [Note] APM_MYSQL5: Shutdown complete

190612  8:41:08 [Note] Plugin 'FEDERATED' is disabled.
190612  8:41:08  InnoDB: Started; log sequence number 0 44253
190612  8:41:08 [Note] Event Scheduler: Loaded 0 events
190612  8:41:08 [Note] APM_MYSQL5: ready for connections.
Version: '5.1.41-community'  socket: ''  port: 3306  MySQL Community Server (GPL)
190612 17:51:08 [Note] APM_MYSQL5: Normal shutdown

190612 17:51:08 [Note] Event Scheduler: Purging the queue. 0 events
190612 17:51:08  InnoDB: Starting shutdown...
190612 17:51:09  InnoDB: Shutdown completed; log sequence number 0 44253
190612 17:51:09 [Note] APM_MYSQL5: Shutdown complete

190613  8:51:11 [Note] Plugin 'FEDERATED' is disabled.
190613  8:51:11  InnoDB: Started; log sequence number 0 44253
190613  8:51:11 [Note] Event Scheduler: Loaded 0 events
190613  8:51:11 [Note] APM_MYSQL5: ready for connections.
Version: '5.1.41-community'  socket: ''  port: 3306  MySQL Community Server (GPL)
190613  8:55:58 [Note] APM_MYSQL5: Normal shutdown

190613  8:55:58 [Note] Event Scheduler: Purging the queue. 0 events
190613  8:55:58  InnoDB: Starting shutdown...
190613  8:55:59  InnoDB: Shutdown completed; log sequence number 0 44253
190613  8:55:59 [Note] APM_MYSQL5: Shutdown complete

190613  8:56:18 [Note] Plugin 'FEDERATED' is disabled.
190613  8:56:18  InnoDB: Started; log sequence number 0 44253
190613  8:56:18 [Note] Event Scheduler: Loaded 0 events
190613  8:56:18 [Note] APM_MYSQL5: ready for connections.
Version: '5.1.41-community'  socket: ''  port: 3306  MySQL Community Server (GPL)
190613 17:10:08 [Note] APM_MYSQL5: Normal shutdown

190613 17:10:08 [Note] Event Scheduler: Purging the queue. 0 events
190613 17:10:08  InnoDB: Starting shutdown...
190613 17:10:09  InnoDB: Shutdown completed; log sequence number 0 44253
190613 17:10:09 [Note] APM_MYSQL5: Shutdown complete

190613 17:10:29 [Note] Plugin 'FEDERATED' is disabled.
190613 17:10:29  InnoDB: Started; log sequence number 0 44253
190613 17:10:29 [Note] Event Scheduler: Loaded 0 events
190613 17:10:29 [Note] APM_MYSQL5: ready for connections.
Version: '5.1.41-community'  socket: ''  port: 3306  MySQL Community Server (GPL)
190613 17:50:50 [Note] APM_MYSQL5: Normal shutdown

190613 17:50:50 [Note] Event Scheduler: Purging the queue. 0 events
190613 17:50:50  InnoDB: Starting shutdown...
190613 17:50:51  InnoDB: Shutdown completed; log sequence number 0 44253
190613 17:50:51 [Note] APM_MYSQL5: Shutdown complete

190614  8:50:56 [Note] Plugin 'FEDERATED' is disabled.
190614  8:50:56  InnoDB: Started; log sequence number 0 44253
190614  8:50:56 [Note] Event Scheduler: Loaded 0 events
190614  8:50:56 [Note] APM_MYSQL5: ready for connections.
Version: '5.1.41-community'  socket: ''  port: 3306  MySQL Community Server (GPL)
